21:38:49,779 (main) WARN  [DataNucleus.General] - Extension Point "org.datanucleus.implementation_creator" not registered, but plugin "org.datanucleus.enhancer" defined in file:/C:/Users/Sladja/.m2/repository/org/datanucleus/datanucleus-enhancer/3.1.1/datanucleus-enhancer-3.1.1.jar refers to it.
21:38:49,892 (main) ERROR [DataNucleus.Persistence] - User-defined type mapping class "org.datanucleus.store.types.sco.simple.Collection" was not found. Please check the mapping file class specifications and your CLASSPATH. The class must be in the CLASSPATH.
21:38:49,893 (main) ERROR [DataNucleus.Persistence] - User-defined type mapping class "org.datanucleus.store.types.sco.simple.Collection" was not found. Please check the mapping file class specifications and your CLASSPATH. The class must be in the CLASSPATH.
21:38:49,894 (main) ERROR [DataNucleus.Persistence] - User-defined type mapping class "org.datanucleus.store.types.sco.simple.Collection" was not found. Please check the mapping file class specifications and your CLASSPATH. The class must be in the CLASSPATH.
21:38:49,896 (main) ERROR [DataNucleus.Persistence] - User-defined type mapping class "org.datanucleus.store.types.sco.simple.Collection" was not found. Please check the mapping file class specifications and your CLASSPATH. The class must be in the CLASSPATH.
21:38:49,897 (main) ERROR [DataNucleus.Persistence] - User-defined type mapping class "org.datanucleus.store.types.sco.simple.Collection" was not found. Please check the mapping file class specifications and your CLASSPATH. The class must be in the CLASSPATH.
21:38:49,899 (main) ERROR [DataNucleus.Persistence] - User-defined type mapping class "org.datanucleus.store.types.sco.simple.Collection" was not found. Please check the mapping file class specifications and your CLASSPATH. The class must be in the CLASSPATH.
21:38:49,900 (main) ERROR [DataNucleus.Persistence] - User-defined type mapping class "org.datanucleus.store.types.sco.simple.Collection" was not found. Please check the mapping file class specifications and your CLASSPATH. The class must be in the CLASSPATH.
21:38:49,906 (main) ERROR [DataNucleus.Persistence] - User-defined type mapping class "org.datanucleus.store.types.sco.simple.Collection" was not found. Please check the mapping file class specifications and your CLASSPATH. The class must be in the CLASSPATH.
21:38:49,907 (main) ERROR [DataNucleus.Persistence] - User-defined type mapping class "org.datanucleus.store.types.sco.simple.Collection" was not found. Please check the mapping file class specifications and your CLASSPATH. The class must be in the CLASSPATH.
21:38:49,908 (main) ERROR [DataNucleus.Persistence] - User-defined type mapping class "org.datanucleus.store.types.sco.simple.Collection" was not found. Please check the mapping file class specifications and your CLASSPATH. The class must be in the CLASSPATH.
21:38:49,909 (main) ERROR [DataNucleus.Persistence] - User-defined type mapping class "org.datanucleus.store.types.sco.simple.Collection" was not found. Please check the mapping file class specifications and your CLASSPATH. The class must be in the CLASSPATH.
21:38:49,910 (main) ERROR [DataNucleus.Persistence] - User-defined type mapping class "org.datanucleus.store.types.sco.simple.Collection" was not found. Please check the mapping file class specifications and your CLASSPATH. The class must be in the CLASSPATH.
21:38:49,911 (main) ERROR [DataNucleus.Persistence] - User-defined type mapping class "org.datanucleus.store.types.sco.simple.Collection" was not found. Please check the mapping file class specifications and your CLASSPATH. The class must be in the CLASSPATH.
21:38:49,912 (main) ERROR [DataNucleus.Persistence] - User-defined type mapping class "org.datanucleus.store.types.sco.simple.Collection" was not found. Please check the mapping file class specifications and your CLASSPATH. The class must be in the CLASSPATH.
21:38:49,913 (main) ERROR [DataNucleus.Persistence] - User-defined type mapping class "org.datanucleus.store.types.sco.simple.Collection" was not found. Please check the mapping file class specifications and your CLASSPATH. The class must be in the CLASSPATH.
21:38:49,914 (main) ERROR [DataNucleus.Persistence] - User-defined type mapping class "org.datanucleus.store.types.sco.simple.Collection" was not found. Please check the mapping file class specifications and your CLASSPATH. The class must be in the CLASSPATH.
21:38:49,915 (main) ERROR [DataNucleus.Persistence] - User-defined type mapping class "org.datanucleus.store.types.sco.simple.Collection" was not found. Please check the mapping file class specifications and your CLASSPATH. The class must be in the CLASSPATH.
21:38:49,916 (main) ERROR [DataNucleus.Persistence] - User-defined type mapping class "org.datanucleus.store.types.sco.simple.Collection" was not found. Please check the mapping file class specifications and your CLASSPATH. The class must be in the CLASSPATH.
21:38:49,917 (main) ERROR [DataNucleus.Persistence] - User-defined type mapping class "org.datanucleus.store.types.sco.simple.Collection" was not found. Please check the mapping file class specifications and your CLASSPATH. The class must be in the CLASSPATH.
21:38:49,918 (main) ERROR [DataNucleus.Persistence] - User-defined type mapping class "org.datanucleus.store.types.sco.simple.Collection" was not found. Please check the mapping file class specifications and your CLASSPATH. The class must be in the CLASSPATH.
21:38:49,919 (main) ERROR [DataNucleus.Persistence] - User-defined type mapping class "org.datanucleus.store.types.sco.simple.Collection" was not found. Please check the mapping file class specifications and your CLASSPATH. The class must be in the CLASSPATH.
21:38:49,919 (main) ERROR [DataNucleus.Persistence] - User-defined type mapping class "org.datanucleus.store.types.sco.simple.Collection" was not found. Please check the mapping file class specifications and your CLASSPATH. The class must be in the CLASSPATH.
21:38:49,921 (main) ERROR [DataNucleus.Persistence] - User-defined type mapping class "org.datanucleus.store.types.sco.simple.Collection" was not found. Please check the mapping file class specifications and your CLASSPATH. The class must be in the CLASSPATH.
21:38:49,922 (main) ERROR [DataNucleus.Persistence] - User-defined type mapping class "org.datanucleus.store.types.sco.simple.Collection" was not found. Please check the mapping file class specifications and your CLASSPATH. The class must be in the CLASSPATH.
21:38:49,923 (main) ERROR [DataNucleus.Persistence] - User-defined type mapping class "org.datanucleus.store.types.sco.simple.Collection" was not found. Please check the mapping file class specifications and your CLASSPATH. The class must be in the CLASSPATH.
21:38:49,924 (main) ERROR [DataNucleus.Persistence] - User-defined type mapping class "org.datanucleus.store.types.sco.simple.List" was not found. Please check the mapping file class specifications and your CLASSPATH. The class must be in the CLASSPATH.
21:38:49,925 (main) ERROR [DataNucleus.Persistence] - User-defined type mapping class "org.datanucleus.store.types.sco.simple.List" was not found. Please check the mapping file class specifications and your CLASSPATH. The class must be in the CLASSPATH.
21:38:49,926 (main) ERROR [DataNucleus.Persistence] - User-defined type mapping class "org.datanucleus.store.types.sco.simple.List" was not found. Please check the mapping file class specifications and your CLASSPATH. The class must be in the CLASSPATH.
21:38:49,927 (main) ERROR [DataNucleus.Persistence] - User-defined type mapping class "org.datanucleus.store.types.sco.simple.List" was not found. Please check the mapping file class specifications and your CLASSPATH. The class must be in the CLASSPATH.
21:38:49,928 (main) ERROR [DataNucleus.Persistence] - User-defined type mapping class "org.datanucleus.store.types.sco.simple.List" was not found. Please check the mapping file class specifications and your CLASSPATH. The class must be in the CLASSPATH.
21:38:49,929 (main) ERROR [DataNucleus.Persistence] - User-defined type mapping class "org.datanucleus.store.types.sco.simple.List" was not found. Please check the mapping file class specifications and your CLASSPATH. The class must be in the CLASSPATH.
21:38:49,930 (main) ERROR [DataNucleus.Persistence] - User-defined type mapping class "org.datanucleus.store.types.sco.simple.List" was not found. Please check the mapping file class specifications and your CLASSPATH. The class must be in the CLASSPATH.
21:38:49,933 (main) ERROR [DataNucleus.Persistence] - User-defined type mapping class "org.datanucleus.store.types.sco.simple.List" was not found. Please check the mapping file class specifications and your CLASSPATH. The class must be in the CLASSPATH.
21:38:49,934 (main) ERROR [DataNucleus.Persistence] - User-defined type mapping class "org.datanucleus.store.types.sco.simple.List" was not found. Please check the mapping file class specifications and your CLASSPATH. The class must be in the CLASSPATH.
21:38:49,936 (main) ERROR [DataNucleus.Persistence] - User-defined type mapping class "org.datanucleus.store.types.sco.simple.List" was not found. Please check the mapping file class specifications and your CLASSPATH. The class must be in the CLASSPATH.
21:38:49,937 (main) ERROR [DataNucleus.Persistence] - User-defined type mapping class "org.datanucleus.store.types.sco.simple.List" was not found. Please check the mapping file class specifications and your CLASSPATH. The class must be in the CLASSPATH.
21:38:49,938 (main) ERROR [DataNucleus.Persistence] - User-defined type mapping class "org.datanucleus.store.types.sco.simple.List" was not found. Please check the mapping file class specifications and your CLASSPATH. The class must be in the CLASSPATH.
21:38:49,939 (main) ERROR [DataNucleus.Persistence] - User-defined type mapping class "org.datanucleus.store.types.sco.simple.List" was not found. Please check the mapping file class specifications and your CLASSPATH. The class must be in the CLASSPATH.
21:38:49,941 (main) ERROR [DataNucleus.Persistence] - User-defined type mapping class "org.datanucleus.store.types.sco.simple.List" was not found. Please check the mapping file class specifications and your CLASSPATH. The class must be in the CLASSPATH.
21:38:49,950 (main) ERROR [DataNucleus.Persistence] - User-defined type mapping class "org.datanucleus.store.types.sco.simple.List" was not found. Please check the mapping file class specifications and your CLASSPATH. The class must be in the CLASSPATH.
21:38:49,952 (main) ERROR [DataNucleus.Persistence] - User-defined type mapping class "org.datanucleus.store.types.sco.simple.List" was not found. Please check the mapping file class specifications and your CLASSPATH. The class must be in the CLASSPATH.
21:38:49,953 (main) ERROR [DataNucleus.Persistence] - User-defined type mapping class "org.datanucleus.store.types.sco.simple.List" was not found. Please check the mapping file class specifications and your CLASSPATH. The class must be in the CLASSPATH.
21:38:49,954 (main) ERROR [DataNucleus.Persistence] - User-defined type mapping class "org.datanucleus.store.types.sco.simple.List" was not found. Please check the mapping file class specifications and your CLASSPATH. The class must be in the CLASSPATH.
21:38:49,955 (main) ERROR [DataNucleus.Persistence] - User-defined type mapping class "org.datanucleus.store.types.sco.simple.List" was not found. Please check the mapping file class specifications and your CLASSPATH. The class must be in the CLASSPATH.
21:38:49,956 (main) ERROR [DataNucleus.Persistence] - User-defined type mapping class "org.datanucleus.store.types.sco.simple.List" was not found. Please check the mapping file class specifications and your CLASSPATH. The class must be in the CLASSPATH.
21:38:49,957 (main) ERROR [DataNucleus.Persistence] - User-defined type mapping class "org.datanucleus.store.types.sco.simple.List" was not found. Please check the mapping file class specifications and your CLASSPATH. The class must be in the CLASSPATH.
21:38:49,958 (main) ERROR [DataNucleus.Persistence] - User-defined type mapping class "org.datanucleus.store.types.sco.simple.List" was not found. Please check the mapping file class specifications and your CLASSPATH. The class must be in the CLASSPATH.
21:38:49,960 (main) ERROR [DataNucleus.Persistence] - User-defined type mapping class "org.datanucleus.store.types.sco.simple.List" was not found. Please check the mapping file class specifications and your CLASSPATH. The class must be in the CLASSPATH.
21:38:49,961 (main) ERROR [DataNucleus.Persistence] - User-defined type mapping class "org.datanucleus.store.types.sco.simple.List" was not found. Please check the mapping file class specifications and your CLASSPATH. The class must be in the CLASSPATH.
21:38:49,962 (main) ERROR [DataNucleus.Persistence] - User-defined type mapping class "org.datanucleus.store.types.sco.simple.List" was not found. Please check the mapping file class specifications and your CLASSPATH. The class must be in the CLASSPATH.
21:38:49,963 (main) ERROR [DataNucleus.Persistence] - User-defined type mapping class "org.datanucleus.store.types.sco.simple.Set" was not found. Please check the mapping file class specifications and your CLASSPATH. The class must be in the CLASSPATH.
21:38:49,965 (main) ERROR [DataNucleus.Persistence] - User-defined type mapping class "org.datanucleus.store.types.sco.simple.Set" was not found. Please check the mapping file class specifications and your CLASSPATH. The class must be in the CLASSPATH.
21:38:49,966 (main) ERROR [DataNucleus.Persistence] - User-defined type mapping class "org.datanucleus.store.types.sco.simple.Set" was not found. Please check the mapping file class specifications and your CLASSPATH. The class must be in the CLASSPATH.
21:38:49,967 (main) ERROR [DataNucleus.Persistence] - User-defined type mapping class "org.datanucleus.store.types.sco.simple.Set" was not found. Please check the mapping file class specifications and your CLASSPATH. The class must be in the CLASSPATH.
21:38:49,968 (main) ERROR [DataNucleus.Persistence] - User-defined type mapping class "org.datanucleus.store.types.sco.simple.Set" was not found. Please check the mapping file class specifications and your CLASSPATH. The class must be in the CLASSPATH.
21:38:49,969 (main) ERROR [DataNucleus.Persistence] - User-defined type mapping class "org.datanucleus.store.types.sco.simple.Set" was not found. Please check the mapping file class specifications and your CLASSPATH. The class must be in the CLASSPATH.
21:38:49,970 (main) ERROR [DataNucleus.Persistence] - User-defined type mapping class "org.datanucleus.store.types.sco.simple.Set" was not found. Please check the mapping file class specifications and your CLASSPATH. The class must be in the CLASSPATH.
21:38:49,971 (main) ERROR [DataNucleus.Persistence] - User-defined type mapping class "org.datanucleus.store.types.sco.simple.Set" was not found. Please check the mapping file class specifications and your CLASSPATH. The class must be in the CLASSPATH.
21:38:49,972 (main) ERROR [DataNucleus.Persistence] - User-defined type mapping class "org.datanucleus.store.types.sco.simple.Set" was not found. Please check the mapping file class specifications and your CLASSPATH. The class must be in the CLASSPATH.
21:38:49,974 (main) ERROR [DataNucleus.Persistence] - User-defined type mapping class "org.datanucleus.store.types.sco.simple.Set" was not found. Please check the mapping file class specifications and your CLASSPATH. The class must be in the CLASSPATH.
21:38:49,975 (main) ERROR [DataNucleus.Persistence] - User-defined type mapping class "org.datanucleus.store.types.sco.simple.Set" was not found. Please check the mapping file class specifications and your CLASSPATH. The class must be in the CLASSPATH.
21:38:49,976 (main) ERROR [DataNucleus.Persistence] - User-defined type mapping class "org.datanucleus.store.types.sco.simple.Set" was not found. Please check the mapping file class specifications and your CLASSPATH. The class must be in the CLASSPATH.
21:38:49,977 (main) ERROR [DataNucleus.Persistence] - User-defined type mapping class "org.datanucleus.store.types.sco.simple.Set" was not found. Please check the mapping file class specifications and your CLASSPATH. The class must be in the CLASSPATH.
21:38:49,978 (main) ERROR [DataNucleus.Persistence] - User-defined type mapping class "org.datanucleus.store.types.sco.simple.Set" was not found. Please check the mapping file class specifications and your CLASSPATH. The class must be in the CLASSPATH.
21:38:49,979 (main) ERROR [DataNucleus.Persistence] - User-defined type mapping class "org.datanucleus.store.types.sco.simple.Set" was not found. Please check the mapping file class specifications and your CLASSPATH. The class must be in the CLASSPATH.
21:38:49,980 (main) ERROR [DataNucleus.Persistence] - User-defined type mapping class "org.datanucleus.store.types.sco.simple.Set" was not found. Please check the mapping file class specifications and your CLASSPATH. The class must be in the CLASSPATH.
21:38:49,981 (main) ERROR [DataNucleus.Persistence] - User-defined type mapping class "org.datanucleus.store.types.sco.simple.Set" was not found. Please check the mapping file class specifications and your CLASSPATH. The class must be in the CLASSPATH.
21:38:49,982 (main) ERROR [DataNucleus.Persistence] - User-defined type mapping class "org.datanucleus.store.types.sco.simple.Set" was not found. Please check the mapping file class specifications and your CLASSPATH. The class must be in the CLASSPATH.
21:38:49,983 (main) ERROR [DataNucleus.Persistence] - User-defined type mapping class "org.datanucleus.store.types.sco.simple.Set" was not found. Please check the mapping file class specifications and your CLASSPATH. The class must be in the CLASSPATH.
21:38:49,984 (main) ERROR [DataNucleus.Persistence] - User-defined type mapping class "org.datanucleus.store.types.sco.simple.Set" was not found. Please check the mapping file class specifications and your CLASSPATH. The class must be in the CLASSPATH.
21:38:49,985 (main) ERROR [DataNucleus.Persistence] - User-defined type mapping class "org.datanucleus.store.types.sco.simple.Set" was not found. Please check the mapping file class specifications and your CLASSPATH. The class must be in the CLASSPATH.
21:38:49,986 (main) ERROR [DataNucleus.Persistence] - User-defined type mapping class "org.datanucleus.store.types.sco.simple.Set" was not found. Please check the mapping file class specifications and your CLASSPATH. The class must be in the CLASSPATH.
21:38:49,987 (main) ERROR [DataNucleus.Persistence] - User-defined type mapping class "org.datanucleus.store.types.sco.simple.Set" was not found. Please check the mapping file class specifications and your CLASSPATH. The class must be in the CLASSPATH.
21:38:49,988 (main) ERROR [DataNucleus.Persistence] - User-defined type mapping class "org.datanucleus.store.types.sco.simple.Set" was not found. Please check the mapping file class specifications and your CLASSPATH. The class must be in the CLASSPATH.
21:38:49,989 (main) ERROR [DataNucleus.Persistence] - User-defined type mapping class "org.datanucleus.store.types.sco.simple.Set" was not found. Please check the mapping file class specifications and your CLASSPATH. The class must be in the CLASSPATH.
21:38:50,042 (main) INFO  [DataNucleus.Enhancer] - DataNucleus Enhancer (version 4.1.0.release) for API "JDO"
21:38:50,379 (main) INFO  [DataNucleus.Enhancer] - Writing class file "F:\Programi\Dokumenti\FTN_fax\Master\PMA\projekat\GITLAB\GITHUB\restPoster2\posterendpoints\target\posterendpoints-1.0-SNAPSHOT\WEB-INF\classes\com\posterendpoints\entities\Album.class" with enhanced definition
21:38:50,390 (main) INFO  [DataNucleus.Enhancer] - ENHANCED (Persistable) : com.posterendpoints.entities.Album
21:38:50,415 (main) INFO  [DataNucleus.Enhancer] - Writing class file "F:\Programi\Dokumenti\FTN_fax\Master\PMA\projekat\GITLAB\GITHUB\restPoster2\posterendpoints\target\posterendpoints-1.0-SNAPSHOT\WEB-INF\classes\com\posterendpoints\entities\Image.class" with enhanced definition
21:38:50,417 (main) INFO  [DataNucleus.Enhancer] - ENHANCED (Persistable) : com.posterendpoints.entities.Image
21:38:50,431 (main) INFO  [DataNucleus.Enhancer] - Writing class file "F:\Programi\Dokumenti\FTN_fax\Master\PMA\projekat\GITLAB\GITHUB\restPoster2\posterendpoints\target\posterendpoints-1.0-SNAPSHOT\WEB-INF\classes\com\posterendpoints\entities\User.class" with enhanced definition
21:38:50,432 (main) INFO  [DataNucleus.Enhancer] - ENHANCED (Persistable) : com.posterendpoints.entities.User
21:38:50,433 (main) INFO  [DataNucleus.Enhancer] - DataNucleus Enhancer completed with success for 3 classes. Timings : input=212 ms, enhance=176 ms, total=388 ms. Consult the log for full details
21:41:30,623 (main) WARN  [DataNucleus.General] - Extension Point "org.datanucleus.implementation_creator" not registered, but plugin "org.datanucleus.enhancer" defined in file:/C:/Users/Sladja/.m2/repository/org/datanucleus/datanucleus-enhancer/3.1.1/datanucleus-enhancer-3.1.1.jar refers to it.
21:41:30,819 (main) ERROR [DataNucleus.Persistence] - User-defined type mapping class "org.datanucleus.store.types.sco.simple.Collection" was not found. Please check the mapping file class specifications and your CLASSPATH. The class must be in the CLASSPATH.
21:41:30,823 (main) ERROR [DataNucleus.Persistence] - User-defined type mapping class "org.datanucleus.store.types.sco.simple.Collection" was not found. Please check the mapping file class specifications and your CLASSPATH. The class must be in the CLASSPATH.
21:41:30,824 (main) ERROR [DataNucleus.Persistence] - User-defined type mapping class "org.datanucleus.store.types.sco.simple.Collection" was not found. Please check the mapping file class specifications and your CLASSPATH. The class must be in the CLASSPATH.
21:41:30,825 (main) ERROR [DataNucleus.Persistence] - User-defined type mapping class "org.datanucleus.store.types.sco.simple.Collection" was not found. Please check the mapping file class specifications and your CLASSPATH. The class must be in the CLASSPATH.
21:41:30,826 (main) ERROR [DataNucleus.Persistence] - User-defined type mapping class "org.datanucleus.store.types.sco.simple.Collection" was not found. Please check the mapping file class specifications and your CLASSPATH. The class must be in the CLASSPATH.
21:41:30,827 (main) ERROR [DataNucleus.Persistence] - User-defined type mapping class "org.datanucleus.store.types.sco.simple.Collection" was not found. Please check the mapping file class specifications and your CLASSPATH. The class must be in the CLASSPATH.
21:41:30,828 (main) ERROR [DataNucleus.Persistence] - User-defined type mapping class "org.datanucleus.store.types.sco.simple.Collection" was not found. Please check the mapping file class specifications and your CLASSPATH. The class must be in the CLASSPATH.
21:41:30,832 (main) ERROR [DataNucleus.Persistence] - User-defined type mapping class "org.datanucleus.store.types.sco.simple.Collection" was not found. Please check the mapping file class specifications and your CLASSPATH. The class must be in the CLASSPATH.
21:41:30,834 (main) ERROR [DataNucleus.Persistence] - User-defined type mapping class "org.datanucleus.store.types.sco.simple.Collection" was not found. Please check the mapping file class specifications and your CLASSPATH. The class must be in the CLASSPATH.
21:41:30,835 (main) ERROR [DataNucleus.Persistence] - User-defined type mapping class "org.datanucleus.store.types.sco.simple.Collection" was not found. Please check the mapping file class specifications and your CLASSPATH. The class must be in the CLASSPATH.
21:41:30,837 (main) ERROR [DataNucleus.Persistence] - User-defined type mapping class "org.datanucleus.store.types.sco.simple.Collection" was not found. Please check the mapping file class specifications and your CLASSPATH. The class must be in the CLASSPATH.
21:41:30,838 (main) ERROR [DataNucleus.Persistence] - User-defined type mapping class "org.datanucleus.store.types.sco.simple.Collection" was not found. Please check the mapping file class specifications and your CLASSPATH. The class must be in the CLASSPATH.
21:41:30,839 (main) ERROR [DataNucleus.Persistence] - User-defined type mapping class "org.datanucleus.store.types.sco.simple.Collection" was not found. Please check the mapping file class specifications and your CLASSPATH. The class must be in the CLASSPATH.
21:41:30,840 (main) ERROR [DataNucleus.Persistence] - User-defined type mapping class "org.datanucleus.store.types.sco.simple.Collection" was not found. Please check the mapping file class specifications and your CLASSPATH. The class must be in the CLASSPATH.
21:41:30,841 (main) ERROR [DataNucleus.Persistence] - User-defined type mapping class "org.datanucleus.store.types.sco.simple.Collection" was not found. Please check the mapping file class specifications and your CLASSPATH. The class must be in the CLASSPATH.
21:41:30,842 (main) ERROR [DataNucleus.Persistence] - User-defined type mapping class "org.datanucleus.store.types.sco.simple.Collection" was not found. Please check the mapping file class specifications and your CLASSPATH. The class must be in the CLASSPATH.
21:41:30,844 (main) ERROR [DataNucleus.Persistence] - User-defined type mapping class "org.datanucleus.store.types.sco.simple.Collection" was not found. Please check the mapping file class specifications and your CLASSPATH. The class must be in the CLASSPATH.
21:41:30,844 (main) ERROR [DataNucleus.Persistence] - User-defined type mapping class "org.datanucleus.store.types.sco.simple.Collection" was not found. Please check the mapping file class specifications and your CLASSPATH. The class must be in the CLASSPATH.
21:41:30,846 (main) ERROR [DataNucleus.Persistence] - User-defined type mapping class "org.datanucleus.store.types.sco.simple.Collection" was not found. Please check the mapping file class specifications and your CLASSPATH. The class must be in the CLASSPATH.
21:41:30,847 (main) ERROR [DataNucleus.Persistence] - User-defined type mapping class "org.datanucleus.store.types.sco.simple.Collection" was not found. Please check the mapping file class specifications and your CLASSPATH. The class must be in the CLASSPATH.
21:41:30,847 (main) ERROR [DataNucleus.Persistence] - User-defined type mapping class "org.datanucleus.store.types.sco.simple.Collection" was not found. Please check the mapping file class specifications and your CLASSPATH. The class must be in the CLASSPATH.
21:41:30,848 (main) ERROR [DataNucleus.Persistence] - User-defined type mapping class "org.datanucleus.store.types.sco.simple.Collection" was not found. Please check the mapping file class specifications and your CLASSPATH. The class must be in the CLASSPATH.
21:41:30,849 (main) ERROR [DataNucleus.Persistence] - User-defined type mapping class "org.datanucleus.store.types.sco.simple.Collection" was not found. Please check the mapping file class specifications and your CLASSPATH. The class must be in the CLASSPATH.
21:41:30,850 (main) ERROR [DataNucleus.Persistence] - User-defined type mapping class "org.datanucleus.store.types.sco.simple.Collection" was not found. Please check the mapping file class specifications and your CLASSPATH. The class must be in the CLASSPATH.
21:41:30,852 (main) ERROR [DataNucleus.Persistence] - User-defined type mapping class "org.datanucleus.store.types.sco.simple.Collection" was not found. Please check the mapping file class specifications and your CLASSPATH. The class must be in the CLASSPATH.
21:41:30,853 (main) ERROR [DataNucleus.Persistence] - User-defined type mapping class "org.datanucleus.store.types.sco.simple.List" was not found. Please check the mapping file class specifications and your CLASSPATH. The class must be in the CLASSPATH.
21:41:30,865 (main) ERROR [DataNucleus.Persistence] - User-defined type mapping class "org.datanucleus.store.types.sco.simple.List" was not found. Please check the mapping file class specifications and your CLASSPATH. The class must be in the CLASSPATH.
21:41:30,867 (main) ERROR [DataNucleus.Persistence] - User-defined type mapping class "org.datanucleus.store.types.sco.simple.List" was not found. Please check the mapping file class specifications and your CLASSPATH. The class must be in the CLASSPATH.
21:41:30,870 (main) ERROR [DataNucleus.Persistence] - User-defined type mapping class "org.datanucleus.store.types.sco.simple.List" was not found. Please check the mapping file class specifications and your CLASSPATH. The class must be in the CLASSPATH.
21:41:30,871 (main) ERROR [DataNucleus.Persistence] - User-defined type mapping class "org.datanucleus.store.types.sco.simple.List" was not found. Please check the mapping file class specifications and your CLASSPATH. The class must be in the CLASSPATH.
21:41:30,872 (main) ERROR [DataNucleus.Persistence] - User-defined type mapping class "org.datanucleus.store.types.sco.simple.List" was not found. Please check the mapping file class specifications and your CLASSPATH. The class must be in the CLASSPATH.
21:41:30,873 (main) ERROR [DataNucleus.Persistence] - User-defined type mapping class "org.datanucleus.store.types.sco.simple.List" was not found. Please check the mapping file class specifications and your CLASSPATH. The class must be in the CLASSPATH.
21:41:30,874 (main) ERROR [DataNucleus.Persistence] - User-defined type mapping class "org.datanucleus.store.types.sco.simple.List" was not found. Please check the mapping file class specifications and your CLASSPATH. The class must be in the CLASSPATH.
21:41:30,875 (main) ERROR [DataNucleus.Persistence] - User-defined type mapping class "org.datanucleus.store.types.sco.simple.List" was not found. Please check the mapping file class specifications and your CLASSPATH. The class must be in the CLASSPATH.
21:41:30,876 (main) ERROR [DataNucleus.Persistence] - User-defined type mapping class "org.datanucleus.store.types.sco.simple.List" was not found. Please check the mapping file class specifications and your CLASSPATH. The class must be in the CLASSPATH.
21:41:30,878 (main) ERROR [DataNucleus.Persistence] - User-defined type mapping class "org.datanucleus.store.types.sco.simple.List" was not found. Please check the mapping file class specifications and your CLASSPATH. The class must be in the CLASSPATH.
21:41:30,880 (main) ERROR [DataNucleus.Persistence] - User-defined type mapping class "org.datanucleus.store.types.sco.simple.List" was not found. Please check the mapping file class specifications and your CLASSPATH. The class must be in the CLASSPATH.
21:41:30,881 (main) ERROR [DataNucleus.Persistence] - User-defined type mapping class "org.datanucleus.store.types.sco.simple.List" was not found. Please check the mapping file class specifications and your CLASSPATH. The class must be in the CLASSPATH.
21:41:30,882 (main) ERROR [DataNucleus.Persistence] - User-defined type mapping class "org.datanucleus.store.types.sco.simple.List" was not found. Please check the mapping file class specifications and your CLASSPATH. The class must be in the CLASSPATH.
21:41:30,883 (main) ERROR [DataNucleus.Persistence] - User-defined type mapping class "org.datanucleus.store.types.sco.simple.List" was not found. Please check the mapping file class specifications and your CLASSPATH. The class must be in the CLASSPATH.
21:41:30,886 (main) ERROR [DataNucleus.Persistence] - User-defined type mapping class "org.datanucleus.store.types.sco.simple.List" was not found. Please check the mapping file class specifications and your CLASSPATH. The class must be in the CLASSPATH.
21:41:30,888 (main) ERROR [DataNucleus.Persistence] - User-defined type mapping class "org.datanucleus.store.types.sco.simple.List" was not found. Please check the mapping file class specifications and your CLASSPATH. The class must be in the CLASSPATH.
21:41:30,889 (main) ERROR [DataNucleus.Persistence] - User-defined type mapping class "org.datanucleus.store.types.sco.simple.List" was not found. Please check the mapping file class specifications and your CLASSPATH. The class must be in the CLASSPATH.
21:41:30,890 (main) ERROR [DataNucleus.Persistence] - User-defined type mapping class "org.datanucleus.store.types.sco.simple.List" was not found. Please check the mapping file class specifications and your CLASSPATH. The class must be in the CLASSPATH.
21:41:30,891 (main) ERROR [DataNucleus.Persistence] - User-defined type mapping class "org.datanucleus.store.types.sco.simple.List" was not found. Please check the mapping file class specifications and your CLASSPATH. The class must be in the CLASSPATH.
21:41:30,892 (main) ERROR [DataNucleus.Persistence] - User-defined type mapping class "org.datanucleus.store.types.sco.simple.List" was not found. Please check the mapping file class specifications and your CLASSPATH. The class must be in the CLASSPATH.
21:41:30,893 (main) ERROR [DataNucleus.Persistence] - User-defined type mapping class "org.datanucleus.store.types.sco.simple.List" was not found. Please check the mapping file class specifications and your CLASSPATH. The class must be in the CLASSPATH.
21:41:30,895 (main) ERROR [DataNucleus.Persistence] - User-defined type mapping class "org.datanucleus.store.types.sco.simple.List" was not found. Please check the mapping file class specifications and your CLASSPATH. The class must be in the CLASSPATH.
21:41:30,898 (main) ERROR [DataNucleus.Persistence] - User-defined type mapping class "org.datanucleus.store.types.sco.simple.List" was not found. Please check the mapping file class specifications and your CLASSPATH. The class must be in the CLASSPATH.
21:41:30,900 (main) ERROR [DataNucleus.Persistence] - User-defined type mapping class "org.datanucleus.store.types.sco.simple.List" was not found. Please check the mapping file class specifications and your CLASSPATH. The class must be in the CLASSPATH.
21:41:30,902 (main) ERROR [DataNucleus.Persistence] - User-defined type mapping class "org.datanucleus.store.types.sco.simple.Set" was not found. Please check the mapping file class specifications and your CLASSPATH. The class must be in the CLASSPATH.
21:41:30,903 (main) ERROR [DataNucleus.Persistence] - User-defined type mapping class "org.datanucleus.store.types.sco.simple.Set" was not found. Please check the mapping file class specifications and your CLASSPATH. The class must be in the CLASSPATH.
21:41:30,906 (main) ERROR [DataNucleus.Persistence] - User-defined type mapping class "org.datanucleus.store.types.sco.simple.Set" was not found. Please check the mapping file class specifications and your CLASSPATH. The class must be in the CLASSPATH.
21:41:30,907 (main) ERROR [DataNucleus.Persistence] - User-defined type mapping class "org.datanucleus.store.types.sco.simple.Set" was not found. Please check the mapping file class specifications and your CLASSPATH. The class must be in the CLASSPATH.
21:41:30,908 (main) ERROR [DataNucleus.Persistence] - User-defined type mapping class "org.datanucleus.store.types.sco.simple.Set" was not found. Please check the mapping file class specifications and your CLASSPATH. The class must be in the CLASSPATH.
21:41:30,909 (main) ERROR [DataNucleus.Persistence] - User-defined type mapping class "org.datanucleus.store.types.sco.simple.Set" was not found. Please check the mapping file class specifications and your CLASSPATH. The class must be in the CLASSPATH.
21:41:30,910 (main) ERROR [DataNucleus.Persistence] - User-defined type mapping class "org.datanucleus.store.types.sco.simple.Set" was not found. Please check the mapping file class specifications and your CLASSPATH. The class must be in the CLASSPATH.
21:41:30,911 (main) ERROR [DataNucleus.Persistence] - User-defined type mapping class "org.datanucleus.store.types.sco.simple.Set" was not found. Please check the mapping file class specifications and your CLASSPATH. The class must be in the CLASSPATH.
21:41:30,913 (main) ERROR [DataNucleus.Persistence] - User-defined type mapping class "org.datanucleus.store.types.sco.simple.Set" was not found. Please check the mapping file class specifications and your CLASSPATH. The class must be in the CLASSPATH.
21:41:30,914 (main) ERROR [DataNucleus.Persistence] - User-defined type mapping class "org.datanucleus.store.types.sco.simple.Set" was not found. Please check the mapping file class specifications and your CLASSPATH. The class must be in the CLASSPATH.
21:41:30,915 (main) ERROR [DataNucleus.Persistence] - User-defined type mapping class "org.datanucleus.store.types.sco.simple.Set" was not found. Please check the mapping file class specifications and your CLASSPATH. The class must be in the CLASSPATH.
21:41:30,916 (main) ERROR [DataNucleus.Persistence] - User-defined type mapping class "org.datanucleus.store.types.sco.simple.Set" was not found. Please check the mapping file class specifications and your CLASSPATH. The class must be in the CLASSPATH.
21:41:30,917 (main) ERROR [DataNucleus.Persistence] - User-defined type mapping class "org.datanucleus.store.types.sco.simple.Set" was not found. Please check the mapping file class specifications and your CLASSPATH. The class must be in the CLASSPATH.
21:41:30,918 (main) ERROR [DataNucleus.Persistence] - User-defined type mapping class "org.datanucleus.store.types.sco.simple.Set" was not found. Please check the mapping file class specifications and your CLASSPATH. The class must be in the CLASSPATH.
21:41:30,919 (main) ERROR [DataNucleus.Persistence] - User-defined type mapping class "org.datanucleus.store.types.sco.simple.Set" was not found. Please check the mapping file class specifications and your CLASSPATH. The class must be in the CLASSPATH.
21:41:30,920 (main) ERROR [DataNucleus.Persistence] - User-defined type mapping class "org.datanucleus.store.types.sco.simple.Set" was not found. Please check the mapping file class specifications and your CLASSPATH. The class must be in the CLASSPATH.
21:41:30,923 (main) ERROR [DataNucleus.Persistence] - User-defined type mapping class "org.datanucleus.store.types.sco.simple.Set" was not found. Please check the mapping file class specifications and your CLASSPATH. The class must be in the CLASSPATH.
21:41:30,924 (main) ERROR [DataNucleus.Persistence] - User-defined type mapping class "org.datanucleus.store.types.sco.simple.Set" was not found. Please check the mapping file class specifications and your CLASSPATH. The class must be in the CLASSPATH.
21:41:30,925 (main) ERROR [DataNucleus.Persistence] - User-defined type mapping class "org.datanucleus.store.types.sco.simple.Set" was not found. Please check the mapping file class specifications and your CLASSPATH. The class must be in the CLASSPATH.
21:41:30,926 (main) ERROR [DataNucleus.Persistence] - User-defined type mapping class "org.datanucleus.store.types.sco.simple.Set" was not found. Please check the mapping file class specifications and your CLASSPATH. The class must be in the CLASSPATH.
21:41:30,928 (main) ERROR [DataNucleus.Persistence] - User-defined type mapping class "org.datanucleus.store.types.sco.simple.Set" was not found. Please check the mapping file class specifications and your CLASSPATH. The class must be in the CLASSPATH.
21:41:30,929 (main) ERROR [DataNucleus.Persistence] - User-defined type mapping class "org.datanucleus.store.types.sco.simple.Set" was not found. Please check the mapping file class specifications and your CLASSPATH. The class must be in the CLASSPATH.
21:41:30,930 (main) ERROR [DataNucleus.Persistence] - User-defined type mapping class "org.datanucleus.store.types.sco.simple.Set" was not found. Please check the mapping file class specifications and your CLASSPATH. The class must be in the CLASSPATH.
21:41:30,931 (main) ERROR [DataNucleus.Persistence] - User-defined type mapping class "org.datanucleus.store.types.sco.simple.Set" was not found. Please check the mapping file class specifications and your CLASSPATH. The class must be in the CLASSPATH.
21:41:30,932 (main) ERROR [DataNucleus.Persistence] - User-defined type mapping class "org.datanucleus.store.types.sco.simple.Set" was not found. Please check the mapping file class specifications and your CLASSPATH. The class must be in the CLASSPATH.
21:41:31,014 (main) INFO  [DataNucleus.Enhancer] - DataNucleus Enhancer (version 4.1.0.release) for API "JDO"
21:41:31,270 (main) INFO  [DataNucleus.Enhancer] - Class "com.posterendpoints.entities.Album" is already enhanced.
21:41:31,270 (main) INFO  [DataNucleus.Enhancer] - ENHANCED (Persistable) : com.posterendpoints.entities.Album
21:41:31,272 (main) INFO  [DataNucleus.Enhancer] - Class "com.posterendpoints.entities.Image" is already enhanced.
21:41:31,272 (main) INFO  [DataNucleus.Enhancer] - ENHANCED (Persistable) : com.posterendpoints.entities.Image
21:41:31,274 (main) INFO  [DataNucleus.Enhancer] - Class "com.posterendpoints.entities.User" is already enhanced.
21:41:31,274 (main) INFO  [DataNucleus.Enhancer] - ENHANCED (Persistable) : com.posterendpoints.entities.User
21:41:31,275 (main) INFO  [DataNucleus.Enhancer] - DataNucleus Enhancer completed with success for 3 classes. Timings : input=220 ms, enhance=39 ms, total=259 ms. Consult the log for full details
13:04:36,289 (main) WARN  [DataNucleus.General] - Extension Point "org.datanucleus.implementation_creator" not registered, but plugin "org.datanucleus.enhancer" defined in file:/C:/Users/Sladja/.m2/repository/org/datanucleus/datanucleus-enhancer/3.1.1/datanucleus-enhancer-3.1.1.jar refers to it.
13:04:36,457 (main) ERROR [DataNucleus.Persistence] - User-defined type mapping class "org.datanucleus.store.types.sco.simple.Collection" was not found. Please check the mapping file class specifications and your CLASSPATH. The class must be in the CLASSPATH.
13:04:36,458 (main) ERROR [DataNucleus.Persistence] - User-defined type mapping class "org.datanucleus.store.types.sco.simple.Collection" was not found. Please check the mapping file class specifications and your CLASSPATH. The class must be in the CLASSPATH.
13:04:36,459 (main) ERROR [DataNucleus.Persistence] - User-defined type mapping class "org.datanucleus.store.types.sco.simple.Collection" was not found. Please check the mapping file class specifications and your CLASSPATH. The class must be in the CLASSPATH.
13:04:36,461 (main) ERROR [DataNucleus.Persistence] - User-defined type mapping class "org.datanucleus.store.types.sco.simple.Collection" was not found. Please check the mapping file class specifications and your CLASSPATH. The class must be in the CLASSPATH.
13:04:36,462 (main) ERROR [DataNucleus.Persistence] - User-defined type mapping class "org.datanucleus.store.types.sco.simple.Collection" was not found. Please check the mapping file class specifications and your CLASSPATH. The class must be in the CLASSPATH.
13:04:36,463 (main) ERROR [DataNucleus.Persistence] - User-defined type mapping class "org.datanucleus.store.types.sco.simple.Collection" was not found. Please check the mapping file class specifications and your CLASSPATH. The class must be in the CLASSPATH.
13:04:36,464 (main) ERROR [DataNucleus.Persistence] - User-defined type mapping class "org.datanucleus.store.types.sco.simple.Collection" was not found. Please check the mapping file class specifications and your CLASSPATH. The class must be in the CLASSPATH.
13:04:36,465 (main) ERROR [DataNucleus.Persistence] - User-defined type mapping class "org.datanucleus.store.types.sco.simple.Collection" was not found. Please check the mapping file class specifications and your CLASSPATH. The class must be in the CLASSPATH.
13:04:36,466 (main) ERROR [DataNucleus.Persistence] - User-defined type mapping class "org.datanucleus.store.types.sco.simple.Collection" was not found. Please check the mapping file class specifications and your CLASSPATH. The class must be in the CLASSPATH.
13:04:36,467 (main) ERROR [DataNucleus.Persistence] - User-defined type mapping class "org.datanucleus.store.types.sco.simple.Collection" was not found. Please check the mapping file class specifications and your CLASSPATH. The class must be in the CLASSPATH.
13:04:36,469 (main) ERROR [DataNucleus.Persistence] - User-defined type mapping class "org.datanucleus.store.types.sco.simple.Collection" was not found. Please check the mapping file class specifications and your CLASSPATH. The class must be in the CLASSPATH.
13:04:36,470 (main) ERROR [DataNucleus.Persistence] - User-defined type mapping class "org.datanucleus.store.types.sco.simple.Collection" was not found. Please check the mapping file class specifications and your CLASSPATH. The class must be in the CLASSPATH.
13:04:36,471 (main) ERROR [DataNucleus.Persistence] - User-defined type mapping class "org.datanucleus.store.types.sco.simple.Collection" was not found. Please check the mapping file class specifications and your CLASSPATH. The class must be in the CLASSPATH.
13:04:36,472 (main) ERROR [DataNucleus.Persistence] - User-defined type mapping class "org.datanucleus.store.types.sco.simple.Collection" was not found. Please check the mapping file class specifications and your CLASSPATH. The class must be in the CLASSPATH.
13:04:36,473 (main) ERROR [DataNucleus.Persistence] - User-defined type mapping class "org.datanucleus.store.types.sco.simple.Collection" was not found. Please check the mapping file class specifications and your CLASSPATH. The class must be in the CLASSPATH.
13:04:36,479 (main) ERROR [DataNucleus.Persistence] - User-defined type mapping class "org.datanucleus.store.types.sco.simple.Collection" was not found. Please check the mapping file class specifications and your CLASSPATH. The class must be in the CLASSPATH.
13:04:36,481 (main) ERROR [DataNucleus.Persistence] - User-defined type mapping class "org.datanucleus.store.types.sco.simple.Collection" was not found. Please check the mapping file class specifications and your CLASSPATH. The class must be in the CLASSPATH.
13:04:36,482 (main) ERROR [DataNucleus.Persistence] - User-defined type mapping class "org.datanucleus.store.types.sco.simple.Collection" was not found. Please check the mapping file class specifications and your CLASSPATH. The class must be in the CLASSPATH.
13:04:36,484 (main) ERROR [DataNucleus.Persistence] - User-defined type mapping class "org.datanucleus.store.types.sco.simple.Collection" was not found. Please check the mapping file class specifications and your CLASSPATH. The class must be in the CLASSPATH.
13:04:36,485 (main) ERROR [DataNucleus.Persistence] - User-defined type mapping class "org.datanucleus.store.types.sco.simple.Collection" was not found. Please check the mapping file class specifications and your CLASSPATH. The class must be in the CLASSPATH.
13:04:36,487 (main) ERROR [DataNucleus.Persistence] - User-defined type mapping class "org.datanucleus.store.types.sco.simple.Collection" was not found. Please check the mapping file class specifications and your CLASSPATH. The class must be in the CLASSPATH.
13:04:36,488 (main) ERROR [DataNucleus.Persistence] - User-defined type mapping class "org.datanucleus.store.types.sco.simple.Collection" was not found. Please check the mapping file class specifications and your CLASSPATH. The class must be in the CLASSPATH.
13:04:36,489 (main) ERROR [DataNucleus.Persistence] - User-defined type mapping class "org.datanucleus.store.types.sco.simple.Collection" was not found. Please check the mapping file class specifications and your CLASSPATH. The class must be in the CLASSPATH.
13:04:36,491 (main) ERROR [DataNucleus.Persistence] - User-defined type mapping class "org.datanucleus.store.types.sco.simple.Collection" was not found. Please check the mapping file class specifications and your CLASSPATH. The class must be in the CLASSPATH.
13:04:36,492 (main) ERROR [DataNucleus.Persistence] - User-defined type mapping class "org.datanucleus.store.types.sco.simple.Collection" was not found. Please check the mapping file class specifications and your CLASSPATH. The class must be in the CLASSPATH.
13:04:36,506 (main) ERROR [DataNucleus.Persistence] - User-defined type mapping class "org.datanucleus.store.types.sco.simple.List" was not found. Please check the mapping file class specifications and your CLASSPATH. The class must be in the CLASSPATH.
13:04:36,508 (main) ERROR [DataNucleus.Persistence] - User-defined type mapping class "org.datanucleus.store.types.sco.simple.List" was not found. Please check the mapping file class specifications and your CLASSPATH. The class must be in the CLASSPATH.
13:04:36,535 (main) ERROR [DataNucleus.Persistence] - User-defined type mapping class "org.datanucleus.store.types.sco.simple.List" was not found. Please check the mapping file class specifications and your CLASSPATH. The class must be in the CLASSPATH.
13:04:36,536 (main) ERROR [DataNucleus.Persistence] - User-defined type mapping class "org.datanucleus.store.types.sco.simple.List" was not found. Please check the mapping file class specifications and your CLASSPATH. The class must be in the CLASSPATH.
13:04:36,537 (main) ERROR [DataNucleus.Persistence] - User-defined type mapping class "org.datanucleus.store.types.sco.simple.List" was not found. Please check the mapping file class specifications and your CLASSPATH. The class must be in the CLASSPATH.
13:04:36,541 (main) ERROR [DataNucleus.Persistence] - User-defined type mapping class "org.datanucleus.store.types.sco.simple.List" was not found. Please check the mapping file class specifications and your CLASSPATH. The class must be in the CLASSPATH.
13:04:36,543 (main) ERROR [DataNucleus.Persistence] - User-defined type mapping class "org.datanucleus.store.types.sco.simple.List" was not found. Please check the mapping file class specifications and your CLASSPATH. The class must be in the CLASSPATH.
13:04:36,544 (main) ERROR [DataNucleus.Persistence] - User-defined type mapping class "org.datanucleus.store.types.sco.simple.List" was not found. Please check the mapping file class specifications and your CLASSPATH. The class must be in the CLASSPATH.
13:04:36,545 (main) ERROR [DataNucleus.Persistence] - User-defined type mapping class "org.datanucleus.store.types.sco.simple.List" was not found. Please check the mapping file class specifications and your CLASSPATH. The class must be in the CLASSPATH.
13:04:36,547 (main) ERROR [DataNucleus.Persistence] - User-defined type mapping class "org.datanucleus.store.types.sco.simple.List" was not found. Please check the mapping file class specifications and your CLASSPATH. The class must be in the CLASSPATH.
13:04:36,549 (main) ERROR [DataNucleus.Persistence] - User-defined type mapping class "org.datanucleus.store.types.sco.simple.List" was not found. Please check the mapping file class specifications and your CLASSPATH. The class must be in the CLASSPATH.
13:04:36,550 (main) ERROR [DataNucleus.Persistence] - User-defined type mapping class "org.datanucleus.store.types.sco.simple.List" was not found. Please check the mapping file class specifications and your CLASSPATH. The class must be in the CLASSPATH.
13:04:36,551 (main) ERROR [DataNucleus.Persistence] - User-defined type mapping class "org.datanucleus.store.types.sco.simple.List" was not found. Please check the mapping file class specifications and your CLASSPATH. The class must be in the CLASSPATH.
13:04:36,553 (main) ERROR [DataNucleus.Persistence] - User-defined type mapping class "org.datanucleus.store.types.sco.simple.List" was not found. Please check the mapping file class specifications and your CLASSPATH. The class must be in the CLASSPATH.
13:04:36,566 (main) ERROR [DataNucleus.Persistence] - User-defined type mapping class "org.datanucleus.store.types.sco.simple.List" was not found. Please check the mapping file class specifications and your CLASSPATH. The class must be in the CLASSPATH.
13:04:36,567 (main) ERROR [DataNucleus.Persistence] - User-defined type mapping class "org.datanucleus.store.types.sco.simple.List" was not found. Please check the mapping file class specifications and your CLASSPATH. The class must be in the CLASSPATH.
13:04:36,569 (main) ERROR [DataNucleus.Persistence] - User-defined type mapping class "org.datanucleus.store.types.sco.simple.List" was not found. Please check the mapping file class specifications and your CLASSPATH. The class must be in the CLASSPATH.
13:04:36,598 (main) ERROR [DataNucleus.Persistence] - User-defined type mapping class "org.datanucleus.store.types.sco.simple.List" was not found. Please check the mapping file class specifications and your CLASSPATH. The class must be in the CLASSPATH.
13:04:36,599 (main) ERROR [DataNucleus.Persistence] - User-defined type mapping class "org.datanucleus.store.types.sco.simple.List" was not found. Please check the mapping file class specifications and your CLASSPATH. The class must be in the CLASSPATH.
13:04:36,600 (main) ERROR [DataNucleus.Persistence] - User-defined type mapping class "org.datanucleus.store.types.sco.simple.List" was not found. Please check the mapping file class specifications and your CLASSPATH. The class must be in the CLASSPATH.
13:04:36,600 (main) ERROR [DataNucleus.Persistence] - User-defined type mapping class "org.datanucleus.store.types.sco.simple.List" was not found. Please check the mapping file class specifications and your CLASSPATH. The class must be in the CLASSPATH.
13:04:36,601 (main) ERROR [DataNucleus.Persistence] - User-defined type mapping class "org.datanucleus.store.types.sco.simple.List" was not found. Please check the mapping file class specifications and your CLASSPATH. The class must be in the CLASSPATH.
13:04:36,604 (main) ERROR [DataNucleus.Persistence] - User-defined type mapping class "org.datanucleus.store.types.sco.simple.List" was not found. Please check the mapping file class specifications and your CLASSPATH. The class must be in the CLASSPATH.
13:04:36,605 (main) ERROR [DataNucleus.Persistence] - User-defined type mapping class "org.datanucleus.store.types.sco.simple.List" was not found. Please check the mapping file class specifications and your CLASSPATH. The class must be in the CLASSPATH.
13:04:36,606 (main) ERROR [DataNucleus.Persistence] - User-defined type mapping class "org.datanucleus.store.types.sco.simple.List" was not found. Please check the mapping file class specifications and your CLASSPATH. The class must be in the CLASSPATH.
13:04:36,609 (main) ERROR [DataNucleus.Persistence] - User-defined type mapping class "org.datanucleus.store.types.sco.simple.Set" was not found. Please check the mapping file class specifications and your CLASSPATH. The class must be in the CLASSPATH.
13:04:36,610 (main) ERROR [DataNucleus.Persistence] - User-defined type mapping class "org.datanucleus.store.types.sco.simple.Set" was not found. Please check the mapping file class specifications and your CLASSPATH. The class must be in the CLASSPATH.
13:04:36,611 (main) ERROR [DataNucleus.Persistence] - User-defined type mapping class "org.datanucleus.store.types.sco.simple.Set" was not found. Please check the mapping file class specifications and your CLASSPATH. The class must be in the CLASSPATH.
13:04:36,612 (main) ERROR [DataNucleus.Persistence] - User-defined type mapping class "org.datanucleus.store.types.sco.simple.Set" was not found. Please check the mapping file class specifications and your CLASSPATH. The class must be in the CLASSPATH.
13:04:36,613 (main) ERROR [DataNucleus.Persistence] - User-defined type mapping class "org.datanucleus.store.types.sco.simple.Set" was not found. Please check the mapping file class specifications and your CLASSPATH. The class must be in the CLASSPATH.
13:04:36,614 (main) ERROR [DataNucleus.Persistence] - User-defined type mapping class "org.datanucleus.store.types.sco.simple.Set" was not found. Please check the mapping file class specifications and your CLASSPATH. The class must be in the CLASSPATH.
13:04:36,615 (main) ERROR [DataNucleus.Persistence] - User-defined type mapping class "org.datanucleus.store.types.sco.simple.Set" was not found. Please check the mapping file class specifications and your CLASSPATH. The class must be in the CLASSPATH.
13:04:36,615 (main) ERROR [DataNucleus.Persistence] - User-defined type mapping class "org.datanucleus.store.types.sco.simple.Set" was not found. Please check the mapping file class specifications and your CLASSPATH. The class must be in the CLASSPATH.
13:04:36,616 (main) ERROR [DataNucleus.Persistence] - User-defined type mapping class "org.datanucleus.store.types.sco.simple.Set" was not found. Please check the mapping file class specifications and your CLASSPATH. The class must be in the CLASSPATH.
13:04:36,617 (main) ERROR [DataNucleus.Persistence] - User-defined type mapping class "org.datanucleus.store.types.sco.simple.Set" was not found. Please check the mapping file class specifications and your CLASSPATH. The class must be in the CLASSPATH.
13:04:36,618 (main) ERROR [DataNucleus.Persistence] - User-defined type mapping class "org.datanucleus.store.types.sco.simple.Set" was not found. Please check the mapping file class specifications and your CLASSPATH. The class must be in the CLASSPATH.
13:04:36,619 (main) ERROR [DataNucleus.Persistence] - User-defined type mapping class "org.datanucleus.store.types.sco.simple.Set" was not found. Please check the mapping file class specifications and your CLASSPATH. The class must be in the CLASSPATH.
13:04:36,621 (main) ERROR [DataNucleus.Persistence] - User-defined type mapping class "org.datanucleus.store.types.sco.simple.Set" was not found. Please check the mapping file class specifications and your CLASSPATH. The class must be in the CLASSPATH.
13:04:36,622 (main) ERROR [DataNucleus.Persistence] - User-defined type mapping class "org.datanucleus.store.types.sco.simple.Set" was not found. Please check the mapping file class specifications and your CLASSPATH. The class must be in the CLASSPATH.
13:04:36,623 (main) ERROR [DataNucleus.Persistence] - User-defined type mapping class "org.datanucleus.store.types.sco.simple.Set" was not found. Please check the mapping file class specifications and your CLASSPATH. The class must be in the CLASSPATH.
13:04:36,624 (main) ERROR [DataNucleus.Persistence] - User-defined type mapping class "org.datanucleus.store.types.sco.simple.Set" was not found. Please check the mapping file class specifications and your CLASSPATH. The class must be in the CLASSPATH.
13:04:36,624 (main) ERROR [DataNucleus.Persistence] - User-defined type mapping class "org.datanucleus.store.types.sco.simple.Set" was not found. Please check the mapping file class specifications and your CLASSPATH. The class must be in the CLASSPATH.
13:04:36,626 (main) ERROR [DataNucleus.Persistence] - User-defined type mapping class "org.datanucleus.store.types.sco.simple.Set" was not found. Please check the mapping file class specifications and your CLASSPATH. The class must be in the CLASSPATH.
13:04:36,627 (main) ERROR [DataNucleus.Persistence] - User-defined type mapping class "org.datanucleus.store.types.sco.simple.Set" was not found. Please check the mapping file class specifications and your CLASSPATH. The class must be in the CLASSPATH.
13:04:36,629 (main) ERROR [DataNucleus.Persistence] - User-defined type mapping class "org.datanucleus.store.types.sco.simple.Set" was not found. Please check the mapping file class specifications and your CLASSPATH. The class must be in the CLASSPATH.
13:04:36,630 (main) ERROR [DataNucleus.Persistence] - User-defined type mapping class "org.datanucleus.store.types.sco.simple.Set" was not found. Please check the mapping file class specifications and your CLASSPATH. The class must be in the CLASSPATH.
13:04:36,630 (main) ERROR [DataNucleus.Persistence] - User-defined type mapping class "org.datanucleus.store.types.sco.simple.Set" was not found. Please check the mapping file class specifications and your CLASSPATH. The class must be in the CLASSPATH.
13:04:36,631 (main) ERROR [DataNucleus.Persistence] - User-defined type mapping class "org.datanucleus.store.types.sco.simple.Set" was not found. Please check the mapping file class specifications and your CLASSPATH. The class must be in the CLASSPATH.
13:04:36,632 (main) ERROR [DataNucleus.Persistence] - User-defined type mapping class "org.datanucleus.store.types.sco.simple.Set" was not found. Please check the mapping file class specifications and your CLASSPATH. The class must be in the CLASSPATH.
13:04:36,633 (main) ERROR [DataNucleus.Persistence] - User-defined type mapping class "org.datanucleus.store.types.sco.simple.Set" was not found. Please check the mapping file class specifications and your CLASSPATH. The class must be in the CLASSPATH.
13:04:36,736 (main) INFO  [DataNucleus.Enhancer] - DataNucleus Enhancer (version 4.1.0.release) for API "JDO"
13:04:37,122 (main) INFO  [DataNucleus.Enhancer] - Writing class file "F:\Programi\Dokumenti\FTN_fax\Master\PMA\projekat\GITLAB\GITHUB\restPoster2\posterendpoints\target\posterendpoints-1.0-SNAPSHOT\WEB-INF\classes\com\posterendpoints\entities\Album.class" with enhanced definition
13:04:37,123 (main) INFO  [DataNucleus.Enhancer] - ENHANCED (Persistable) : com.posterendpoints.entities.Album
13:04:37,141 (main) INFO  [DataNucleus.Enhancer] - Writing class file "F:\Programi\Dokumenti\FTN_fax\Master\PMA\projekat\GITLAB\GITHUB\restPoster2\posterendpoints\target\posterendpoints-1.0-SNAPSHOT\WEB-INF\classes\com\posterendpoints\entities\Image.class" with enhanced definition
13:04:37,143 (main) INFO  [DataNucleus.Enhancer] - ENHANCED (Persistable) : com.posterendpoints.entities.Image
13:04:37,153 (main) INFO  [DataNucleus.Enhancer] - Writing class file "F:\Programi\Dokumenti\FTN_fax\Master\PMA\projekat\GITLAB\GITHUB\restPoster2\posterendpoints\target\posterendpoints-1.0-SNAPSHOT\WEB-INF\classes\com\posterendpoints\entities\User.class" with enhanced definition
13:04:37,154 (main) INFO  [DataNucleus.Enhancer] - ENHANCED (Persistable) : com.posterendpoints.entities.User
13:04:37,155 (main) INFO  [DataNucleus.Enhancer] - DataNucleus Enhancer completed with success for 3 classes. Timings : input=325 ms, enhance=90 ms, total=415 ms. Consult the log for full details
